<?xml version="1.0" encoding="UTF-8"?>
<testng-results ignored="0" total="2" passed="2" failed="0" skipped="0">
  <reporter-output>
  </reporter-output>
  <suite started-at="2023-09-26T11:50:06 IST" name="Suite" finished-at="2023-09-26T11:50:15 IST" duration-ms="8868">
    <groups>
    </groups>
    <test started-at="2023-09-26T11:50:06 IST" name="Test" finished-at="2023-09-26T11:50:15 IST" duration-ms="8868">
      <class name="com.TestScripts.FaceBookTest">
        <test-method is-config="true" signature="Launch(java.lang.String,java.lang.String)[pri:0, instance:com.TestScripts.FaceBookTest@248e319b]" started-at="2023-09-26T11:49:59 IST" name="Launch" finished-at="2023-09-26T11:50:05 IST" duration-ms="6071" status="PASS">
          <params>
            <param index="0">
              <value>
                <![CDATA[CHROME]]>
              </value>
            </param>
            <param index="1">
              <value>
                <![CDATA[Aks]]>
              </value>
            </param>
          </params>
          <reporter-output>
          </reporter-output>
        </test-method> <!-- Launch -->
        <test-method is-config="true" signature="Report()[pri:0, instance:com.TestScripts.FaceBookTest@248e319b]" started-at="2023-09-26T11:50:05 IST" name="Report" finished-at="2023-09-26T11:50:06 IST" duration-ms="553" status="PASS">
          <reporter-output>
          </reporter-output>
        </test-method> <!-- Report -->
        <test-method signature="Test(java.lang.String)[pri:0, instance:com.TestScripts.FaceBookTest@248e319b]" started-at="2023-09-26T11:50:06 IST" name="Test" finished-at="2023-09-26T11:50:06 IST" duration-ms="8" status="PASS">
          <params>
            <param index="0">
              <value>
                <![CDATA[CHROME]]>
              </value>
            </param>
          </params>
          <reporter-output>
          </reporter-output>
        </test-method> <!-- Test -->
        <test-method signature="login()[pri:0, instance:com.TestScripts.FaceBookTest@248e319b]" started-at="2023-09-26T11:50:06 IST" name="login" finished-at="2023-09-26T11:50:15 IST" duration-ms="8808" status="PASS">
          <reporter-output>
          </reporter-output>
        </test-method> <!-- login -->
        <test-method is-config="true" signature="tearDown()[pri:0, instance:com.TestScripts.FaceBookTest@248e319b]" started-at="2023-09-26T11:50:15 IST" name="tearDown" finished-at="2023-09-26T11:50:16 IST" duration-ms="1250" status="PASS">
          <reporter-output>
          </reporter-output>
        </test-method> <!-- tearDown -->
      </class> <!-- com.TestScripts.FaceBookTest -->
    </test> <!-- Test -->
  </suite> <!-- Suite -->
</testng-results>
