<?xml version="1.0" encoding="UTF-8"?>
<testng-results ignored="0" total="2" passed="2" failed="0" skipped="0">
  <reporter-output>
  </reporter-output>
  <suite started-at="2023-07-27T11:06:35 IST" name="Suite" finished-at="2023-07-27T11:06:44 IST" duration-ms="9110">
    <groups>
    </groups>
    <test started-at="2023-07-27T11:06:35 IST" name="Test" finished-at="2023-07-27T11:06:44 IST" duration-ms="9110">
      <class name="com.TestScripts.FaceBookTest">
        <test-method is-config="true" signature="Launch(java.lang.String,java.lang.String)[pri:0, instance:com.TestScripts.FaceBookTest@76a4ebf2]" started-at="2023-07-27T11:06:30 IST" name="Launch" finished-at="2023-07-27T11:06:35 IST" duration-ms="5131" status="PASS">
          <params>
            <param index="0">
              <value>
                <![CDATA[CHROME]]>
              </value>
            </param>
            <param index="1">
              <value>
                <![CDATA[FasTag]]>
              </value>
            </param>
          </params>
          <reporter-output>
          </reporter-output>
        </test-method> <!-- Launch -->
        <test-method is-config="true" signature="Report()[pri:0, instance:com.TestScripts.FaceBookTest@76a4ebf2]" started-at="2023-07-27T11:06:35 IST" name="Report" finished-at="2023-07-27T11:06:35 IST" duration-ms="259" status="PASS">
          <reporter-output>
          </reporter-output>
        </test-method> <!-- Report -->
        <test-method signature="Test(java.lang.String)[pri:0, instance:com.TestScripts.FaceBookTest@76a4ebf2]" started-at="2023-07-27T11:06:35 IST" name="Test" finished-at="2023-07-27T11:06:35 IST" duration-ms="7" status="PASS">
          <params>
            <param index="0">
              <value>
                <![CDATA[CHROME]]>
              </value>
            </param>
          </params>
          <reporter-output>
          </reporter-output>
        </test-method> <!-- Test -->
        <test-method signature="login()[pri:0, instance:com.TestScripts.FaceBookTest@76a4ebf2]" started-at="2023-07-27T11:06:35 IST" name="login" finished-at="2023-07-27T11:06:44 IST" duration-ms="9060" status="PASS">
          <reporter-output>
          </reporter-output>
        </test-method> <!-- login -->
        <test-method is-config="true" signature="tearDown()[pri:0, instance:com.TestScripts.FaceBookTest@76a4ebf2]" started-at="2023-07-27T11:06:44 IST" name="tearDown" finished-at="2023-07-27T11:06:46 IST" duration-ms="1319" status="PASS">
          <reporter-output>
          </reporter-output>
        </test-method> <!-- tearDown -->
      </class> <!-- com.TestScripts.FaceBookTest -->
    </test> <!-- Test -->
  </suite> <!-- Suite -->
</testng-results>
